
[Tue Jan 19 22:49:51 2021]: Get User:dominic.jaermann@sbb.ch
[Tue Jan 19 22:50:29 2021]: Startet application
[Tue Jan 19 22:50:32 2021]: Get User:dominic.jaermann@sbb.ch
[Tue Jan 19 22:50:40 2021]: Get User:dominic.jaermann@sbb.ch
[Tue Jan 19 22:50:40 2021]: successful login attempt with email  :dominic.jaermann@sbb.ch
[Tue Jan 19 22:50:40 2021]: Generate JWT for user:  :dominic.jaermann@sbb.ch
[Tue Jan 19 22:50:40 2021]: Get User:dominic.jaermann@sbb.ch
[Tue Jan 19 22:54:18 2021]: Created with Email :haxxor2k@gmail.com
[Tue Jan 19 22:54:33 2021]: Get User:haxxor2k@gmail.com
[Tue Jan 19 22:54:33 2021]: Failed login attempt with email  :haxxor2k@gmail.com
[Tue Jan 19 22:54:35 2021]: Get User:haxxor2k@gmail.com
[Tue Jan 19 22:54:35 2021]: successful login attempt with email  :haxxor2k@gmail.com
[Tue Jan 19 22:54:35 2021]: Generate JWT for user:  :haxxor2k@gmail.com
[Tue Jan 19 22:54:35 2021]: Get User:haxxor2k@gmail.com
[Tue Jan 19 22:56:59 2021]: Get User:haxxor2k@gmail.com
[Tue Jan 19 22:57:11 2021]: Get User:haxxor2k@gmail.com
[Tue Jan 19 22:57:18 2021]: Get User:haxxor2k@gmail.com
[Tue Jan 19 22:57:36 2021]: Get User:haxxor2k@gmail.com
[Tue Jan 19 22:58:01 2021]: Get User:haxxor2k@gmail.com
[Tue Jan 19 22:58:55 2021]: Get User:haxxor2k@gmail.com
[Tue Jan 19 22:59:20 2021]: Get User:haxxor2k@gmail.com
[Tue Jan 19 22:59:41 2021]: Get User:haxxor2k@gmail.com
[Tue Jan 19 22:59:58 2021]: Get User:haxxor2k@gmail.com
[Tue Jan 19 23:00:09 2021]: Get User:haxxor2k@gmail.com
[Tue Jan 19 23:00:15 2021]: Get User:haxxor2k@gmail.com
[Tue Jan 19 23:00:40 2021]: Get User:haxxor2k@gmail.com
[Tue Jan 19 23:00:52 2021]: Get User:haxxor2k@gmail.com
[Tue Jan 19 23:01:27 2021]: Get User:haxxor2k@gmail.com
[Tue Jan 19 23:01:42 2021]: Get User:haxxor2k@gmail.com
[Tue Jan 19 23:03:06 2021]: Get User:haxxor2k@gmail.com
[Tue Jan 19 23:03:18 2021]: Get User:haxxor2k@gmail.com
[Tue Jan 19 23:03:32 2021]: Get User:haxxor2k@gmail.com
[Tue Jan 19 23:03:33 2021]: Get User:haxxor2k@gmail.com
[Tue Jan 19 23:03:46 2021]: Get User:haxxor2k@gmail.com
[Tue Jan 19 23:05:42 2021]: Get User:haxxor2k@gmail.com
[Tue Jan 19 23:07:52 2021]: Get User:haxxor2k@gmail.com
[Tue Jan 19 23:08:13 2021]: Get User:haxxor2k@gmail.com
[Tue Jan 19 23:08:14 2021]: Get User:haxxor2k@gmail.com
[Tue Jan 19 23:08:24 2021]: Get User:haxxor2k@gmail.com
[Tue Jan 19 23:08:50 2021]: Get User:haxxor2k@gmail.com
[Tue Jan 19 23:09:53 2021]: Get User:haxxor2k@gmail.com
[Tue Jan 19 23:10:08 2021]: Get User:haxxor2k@gmail.com
[Tue Jan 19 23:10:20 2021]: Get User:haxxor2k@gmail.com
[Tue Jan 19 23:10:24 2021]: Get User:haxxor2k@gmail.com
[Tue Jan 19 23:10:32 2021]: Get User:haxxor2k@gmail.com
[Tue Jan 19 23:11:21 2021]: Get User:haxxor2k@gmail.com
[Tue Jan 19 23:11:36 2021]: Get User:haxxor2k@gmail.com
[Tue Jan 19 23:11:57 2021]: Get User:haxxor2k@gmail.com
[Tue Jan 19 23:12:09 2021]: Get User:haxxor2k@gmail.com
[Tue Jan 19 23:13:06 2021]: Get User:haxxor2k@gmail.com
[Tue Jan 19 23:35:08 2021]: Startet application
[Wed Jan 20 07:09:08 2021]: Get User:haxxor2k@gmail.com
[Wed Jan 20 07:09:38 2021]: Get User:haxxor2k@gmail.com
